2026-04-10 02:18:33,079 - __main__ - INFO - Process pool worker 0 started
2026-04-10 02:18:33,080 - __main__ - INFO - Process pool worker 1 started
2026-04-10 02:18:33,080 - __main__ - INFO - Process pool worker 2 started
2026-04-10 02:18:33,080 - __main__ - INFO - Process pool worker 3 started
2026-04-10 02:18:33,127 - __main__ - INFO - [38;5;46m[1m╭─────────────────────────────────────────────────────────────────────────────╮[0m
2026-04-10 02:18:33,127 - __main__ - INFO - [1m│[0m [38;5;51m🚀 Starting CybrTech AI Tools API Server[0m
2026-04-10 02:18:33,127 - __main__ - INFO - [1m├─────────────────────────────────────────────────────────────────────────────┤[0m
2026-04-10 02:18:33,128 - __main__ - INFO - [1m│[0m [38;5;208m🌐 Port:[0m 8888
2026-04-10 02:18:33,128 - __main__ - INFO - [1m│[0m [38;5;208m Debug Mode:[0m False
2026-04-10 02:18:33,128 - __main__ - INFO - [1m│[0m [38;5;129m💾 Cache Size:[0m 1000 | TTL: 3600s
2026-04-10 02:18:33,128 - __main__ - INFO - [1m│[0m [38;5;240m⏱️  Command Timeout:[0m 300s
2026-04-10 02:18:33,128 - __main__ - INFO - [1m│[0m [38;5;46m✨ Enhanced Visual Engine:[0m Active
2026-04-10 02:18:33,128 - __main__ - INFO - [38;5;46m[1m╰─────────────────────────────────────────────────────────────────────────────╯[0m
2026-04-10 02:18:34,060 - werkzeug - INFO - [31m[1mWARNING: This is a development server. Do not use it in a production deployment. Use a production WSGI server instead.[0m
 * Running on all addresses (0.0.0.0)
 * Running on http://127.0.0.1:8888
 * Running on http://192.168.1.88:8888
2026-04-10 02:18:34,061 - werkzeug - INFO - [33mPress CTRL+C to quit[0m
2026-04-10 02:18:47,089 - __main__ - INFO - Process pool worker 0 started
2026-04-10 02:18:47,090 - __main__ - INFO - Process pool worker 1 started
2026-04-10 02:18:47,090 - __main__ - INFO - Process pool worker 2 started
2026-04-10 02:18:47,090 - __main__ - INFO - Process pool worker 3 started
2026-04-10 02:19:09,519 - __main__ - INFO - Process pool worker 0 started
2026-04-10 02:19:09,519 - __main__ - INFO - Process pool worker 1 started
2026-04-10 02:19:09,520 - __main__ - INFO - Process pool worker 2 started
2026-04-10 02:19:09,520 - __main__ - INFO - Process pool worker 3 started
